[2016-05-26 11:33:34,066] INFO  Thread-0 (MyAbstractQueuedSynchronizer.java:159) - this.head:null
[2016-05-26 11:33:34,068] INFO  Thread-0 (MyAbstractQueuedSynchronizer.java:160) - this.tail:null
[2016-05-26 11:33:34,069] INFO  Thread-0 (MyAbstractQueuedSynchronizer.java:161) - this.state:0
[2016-05-26 11:33:34,069] INFO  Thread-0 (MyAbstractQueuedSynchronizer.java:122) - this.head:null
[2016-05-26 11:33:34,070] INFO  Thread-0 (MyAbstractQueuedSynchronizer.java:123) - this.tail:null
[2016-05-26 11:33:34,070] INFO  Thread-0 (MyAbstractQueuedSynchronizer.java:124) - this.state:0
[2016-05-26 11:33:34,070] INFO  Thread-0 (MyAbstractQueuedSynchronizer.java:134) - this.head:Node{ waitStatus=0 || 
[2016-05-26 11:33:34,071] INFO  Thread-0 (MyAbstractQueuedSynchronizer.java:135) - this.tail:Node{ waitStatus=0 || 
[2016-05-26 11:33:34,071] INFO  Thread-0 (MyAbstractQueuedSynchronizer.java:136) - this.state:0
[2016-05-26 11:33:34,071] INFO  Thread-0 (MyAbstractQueuedSynchronizer.java:137) - node:Node{ waitStatus=0 ||  nextWaiter isnot null || 
[2016-05-26 11:33:34,072] INFO  Thread-0 (MyAbstractQueuedSynchronizer.java:146) - this.head:Node{ waitStatus=0 ||  next isnot null  || 
[2016-05-26 11:33:34,073] INFO  Thread-0 (MyAbstractQueuedSynchronizer.java:147) - this.tail:Node{ waitStatus=0 ||   prev isnot null  ||  nextWaiter isnot null || 
[2016-05-26 11:33:34,073] INFO  Thread-0 (MyAbstractQueuedSynchronizer.java:148) - this.state:0
[2016-05-26 11:33:34,067] INFO  Thread-8 (MyAbstractQueuedSynchronizer.java:159) - this.head:null
[2016-05-26 11:33:34,075] INFO  Thread-8 (MyAbstractQueuedSynchronizer.java:160) - this.tail:Node{ waitStatus=0 ||   prev isnot null  ||  nextWaiter isnot null || 
[2016-05-26 11:33:34,075] INFO  Thread-8 (MyAbstractQueuedSynchronizer.java:161) - this.state:0
[2016-05-26 11:33:34,066] INFO  Thread-3 (MyAbstractQueuedSynchronizer.java:159) - this.head:null
[2016-05-26 11:33:34,078] INFO  Thread-3 (MyAbstractQueuedSynchronizer.java:160) - this.tail:Node{ waitStatus=0 ||   prev isnot null  ||  nextWaiter isnot null || 
[2016-05-26 11:33:34,079] INFO  Thread-3 (MyAbstractQueuedSynchronizer.java:161) - this.state:0
[2016-05-26 11:33:34,067] INFO  Thread-4 (MyAbstractQueuedSynchronizer.java:159) - this.head:null
[2016-05-26 11:33:34,081] INFO  Thread-4 (MyAbstractQueuedSynchronizer.java:160) - this.tail:Node{ waitStatus=0 ||   prev isnot null  ||  nextWaiter isnot null || 
[2016-05-26 11:33:34,067] INFO  Thread-6 (MyAbstractQueuedSynchronizer.java:159) - this.head:null
[2016-05-26 11:33:34,082] INFO  Thread-6 (MyAbstractQueuedSynchronizer.java:160) - this.tail:Node{ waitStatus=0 ||   prev isnot null  ||  nextWaiter isnot null || 
[2016-05-26 11:33:34,082] INFO  Thread-6 (MyAbstractQueuedSynchronizer.java:161) - this.state:0
[2016-05-26 11:33:34,067] INFO  Thread-9 (MyAbstractQueuedSynchronizer.java:159) - this.head:null
[2016-05-26 11:33:34,066] INFO  Thread-7 (MyAbstractQueuedSynchronizer.java:159) - this.head:null
[2016-05-26 11:33:34,066] INFO  Thread-5 (MyAbstractQueuedSynchronizer.java:159) - this.head:null
[2016-05-26 11:33:34,083] INFO  Thread-7 (MyAbstractQueuedSynchronizer.java:160) - this.tail:Node{ waitStatus=0 ||   prev isnot null  ||  nextWaiter isnot null || 
[2016-05-26 11:33:34,083] INFO  Thread-9 (MyAbstractQueuedSynchronizer.java:160) - this.tail:Node{ waitStatus=0 ||   prev isnot null  ||  nextWaiter isnot null || 
[2016-05-26 11:33:34,081] INFO  Thread-4 (MyAbstractQueuedSynchronizer.java:161) - this.state:0
[2016-05-26 11:33:34,084] INFO  Thread-9 (MyAbstractQueuedSynchronizer.java:161) - this.state:0
[2016-05-26 11:33:34,084] INFO  Thread-7 (MyAbstractQueuedSynchronizer.java:161) - this.state:0
[2016-05-26 11:33:34,083] INFO  Thread-5 (MyAbstractQueuedSynchronizer.java:160) - this.tail:Node{ waitStatus=0 ||   prev isnot null  ||  nextWaiter isnot null || 
[2016-05-26 11:33:34,085] INFO  Thread-5 (MyAbstractQueuedSynchronizer.java:161) - this.state:0
[2016-05-26 11:33:36,065] INFO  Thread-2 (MyAbstractQueuedSynchronizer.java:185) - ************************this.head:Node{ waitStatus=-3 ||  next isnot null  || 
[2016-05-26 11:33:36,065] INFO  Thread-2 (MyAbstractQueuedSynchronizer.java:186) - this.tail:Node{ waitStatus=0 ||   prev isnot null  ||  nextWaiter isnot null || 
[2016-05-26 11:33:36,066] INFO  Thread-2 (MyAbstractQueuedSynchronizer.java:187) - this.state:1
[2016-05-26 11:33:38,065] INFO  Thread-1 (MyAbstractQueuedSynchronizer.java:185) - ************************this.head:Node{ waitStatus=0 ||  next isnot null  || 
[2016-05-26 11:33:38,065] INFO  Thread-1 (MyAbstractQueuedSynchronizer.java:186) - this.tail:Node{ waitStatus=0 ||   prev isnot null  ||  nextWaiter isnot null || 
[2016-05-26 11:33:38,066] INFO  Thread-1 (MyAbstractQueuedSynchronizer.java:187) - this.state:1
[2016-05-26 11:33:40,066] INFO  Thread-2 (MyAbstractQueuedSynchronizer.java:185) - ************************this.head:Node{ waitStatus=-3 ||  next isnot null  || 
[2016-05-26 11:33:40,066] INFO  Thread-2 (MyAbstractQueuedSynchronizer.java:186) - this.tail:Node{ waitStatus=0 ||   prev isnot null  ||  nextWaiter isnot null || 
[2016-05-26 11:33:40,066] INFO  Thread-2 (MyAbstractQueuedSynchronizer.java:187) - this.state:1
[2016-05-26 11:33:42,066] INFO  Thread-1 (MyAbstractQueuedSynchronizer.java:185) - ************************this.head:Node{ waitStatus=0 ||  next isnot null  || 
[2016-05-26 11:33:42,066] INFO  Thread-1 (MyAbstractQueuedSynchronizer.java:186) - this.tail:Node{ waitStatus=0 ||   prev isnot null  ||  nextWaiter isnot null || 
[2016-05-26 11:33:42,066] INFO  Thread-1 (MyAbstractQueuedSynchronizer.java:187) - this.state:1
[2016-05-26 11:33:44,068] INFO  Thread-2 (MyAbstractQueuedSynchronizer.java:185) - ************************this.head:Node{ waitStatus=-3 ||  next isnot null  || 
[2016-05-26 11:33:44,068] INFO  Thread-2 (MyAbstractQueuedSynchronizer.java:186) - this.tail:Node{ waitStatus=0 ||   prev isnot null  ||  nextWaiter isnot null || 
[2016-05-26 11:33:44,068] INFO  Thread-2 (MyAbstractQueuedSynchronizer.java:187) - this.state:1
[2016-05-26 11:33:46,068] INFO  Thread-1 (MyAbstractQueuedSynchronizer.java:185) - ************************this.head:Node{ waitStatus=0 ||  next isnot null  || 
[2016-05-26 11:33:46,068] INFO  Thread-1 (MyAbstractQueuedSynchronizer.java:186) - this.tail:Node{ waitStatus=0 ||   prev isnot null  ||  nextWaiter isnot null || 
[2016-05-26 11:33:46,068] INFO  Thread-1 (MyAbstractQueuedSynchronizer.java:187) - this.state:1
[2016-05-26 11:33:48,069] INFO  Thread-1 (MyAbstractQueuedSynchronizer.java:185) - ************************this.head:Node{ waitStatus=-3 ||  next isnot null  || 
[2016-05-26 11:33:48,069] INFO  Thread-1 (MyAbstractQueuedSynchronizer.java:186) - this.tail:Node{ waitStatus=0 ||   prev isnot null  ||  nextWaiter isnot null || 
[2016-05-26 11:33:48,070] INFO  Thread-1 (MyAbstractQueuedSynchronizer.java:187) - this.state:1
[2016-05-26 11:33:50,069] INFO  Thread-2 (MyAbstractQueuedSynchronizer.java:185) - ************************this.head:Node{ waitStatus=0 ||  next isnot null  || 
[2016-05-26 11:33:50,069] INFO  Thread-2 (MyAbstractQueuedSynchronizer.java:186) - this.tail:Node{ waitStatus=0 ||   prev isnot null  ||  nextWaiter isnot null || 
[2016-05-26 11:33:50,070] INFO  Thread-2 (MyAbstractQueuedSynchronizer.java:187) - this.state:1
[2016-05-26 11:33:52,070] INFO  Thread-2 (MyAbstractQueuedSynchronizer.java:185) - ************************this.head:Node{ waitStatus=0 ||  next isnot null  || 
[2016-05-26 11:33:52,070] INFO  Thread-2 (MyAbstractQueuedSynchronizer.java:186) - this.tail:Node{ waitStatus=0 ||   prev isnot null  ||  nextWaiter isnot null || 
[2016-05-26 11:33:52,070] INFO  Thread-2 (MyAbstractQueuedSynchronizer.java:187) - this.state:1
